<?xml version="1.0" encoding="UTF-8"?>
<!-- Generated by org.testng.reporters.JUnitReportReporter -->
<testsuite hostname="IN-PG02NJQY" failures="0" tests="1" name="Runner.HomePageRunner" time="0.124" errors="0" timestamp="24 Dec 2021 03:49:41 GMT" skipped="0">
  <testcase classname="Runner.HomePageRunner" name="feature" time="0.124"/>
</testsuite> <!-- Runner.HomePageRunner -->
